ASSERT: 11.11.2020 11:38:00 REASON: (CheckFloatingPointValue(glRed) && "Invalid red color component value"), File: E:\BuildAgent2\work\8405556edd6d827c\Core\TeklaStructures\libgl\interface\gl_types.h, Line: 280
ASSERT: 11.11.2020 11:38:00 REASON: (CheckFloatingPointValue(glGreen) && "Invalid green color component value"), File: E:\BuildAgent2\work\8405556edd6d827c\Core\TeklaStructures\libgl\interface\gl_types.h, Line: 281
ASSERT: 11.11.2020 11:38:00 REASON: (CheckFloatingPointValue(glBlue) && "Invalid blue color component value"), File: E:\BuildAgent2\work\8405556edd6d827c\Core\TeklaStructures\libgl\interface\gl_types.h, Line: 282
ASSERT: 11.11.2020 11:38:00 REASON: (CheckFloatingPointValue(glRed) && "Invalid red color component value"), File: E:\BuildAgent2\work\8405556edd6d827c\Core\TeklaStructures\libgl\interface\gl_types.h, Line: 280
ASSERT: 11.11.2020 11:38:00 REASON: (CheckFloatingPointValue(glGreen) && "Invalid green color component value"), File: E:\BuildAgent2\work\8405556edd6d827c\Core\TeklaStructures\libgl\interface\gl_types.h, Line: 281
ASSERT: 11.11.2020 11:38:00 REASON: (CheckFloatingPointValue(glBlue) && "Invalid blue color component value"), File: E:\BuildAgent2\work\8405556edd6d827c\Core\TeklaStructures\libgl\interface\gl_types.h, Line: 282
ASSERT: 11.11.2020 11:38:00 REASON: (CheckFloatingPointValue(glRed) && "Invalid red color component value"), File: E:\BuildAgent2\work\8405556edd6d827c\Core\TeklaStructures\libgl\interface\gl_types.h, Line: 280
ASSERT: 11.11.2020 11:38:00 REASON: (CheckFloatingPointValue(glGreen) && "Invalid green color component value"), File: E:\BuildAgent2\work\8405556edd6d827c\Core\TeklaStructures\libgl\interface\gl_types.h, Line: 281
ASSERT: 11.11.2020 11:38:00 REASON: (CheckFloatingPointValue(glBlue) && "Invalid blue color component value"), File: E:\BuildAgent2\work\8405556edd6d827c\Core\TeklaStructures\libgl\interface\gl_types.h, Line: 282
ASSERT: 11.11.2020 11:38:00 REASON: (CheckFloatingPointValue(glRed) && "Invalid red color component value"), File: E:\BuildAgent2\work\8405556edd6d827c\Core\TeklaStructures\libgl\interface\gl_types.h, Line: 280
ASSERT: 11.11.2020 11:38:00 REASON: (CheckFloatingPointValue(glGreen) && "Invalid green color component value"), File: E:\BuildAgent2\work\8405556edd6d827c\Core\TeklaStructures\libgl\interface\gl_types.h, Line: 281
ASSERT: 11.11.2020 11:38:00 REASON: (CheckFloatingPointValue(glBlue) && "Invalid blue color component value"), File: E:\BuildAgent2\work\8405556edd6d827c\Core\TeklaStructures\libgl\interface\gl_types.h, Line: 282
ASSERT: 11.11.2020 11:38:00 REASON: (CheckFloatingPointValue(glRed) && "Invalid red color component value"), File: E:\BuildAgent2\work\8405556edd6d827c\Core\TeklaStructures\libgl\interface\gl_types.h, Line: 280
ASSERT: 11.11.2020 11:38:00 REASON: (CheckFloatingPointValue(glGreen) && "Invalid green color component value"), File: E:\BuildAgent2\work\8405556edd6d827c\Core\TeklaStructures\libgl\interface\gl_types.h, Line: 281
ASSERT: 11.11.2020 11:38:00 REASON: (CheckFloatingPointValue(glBlue) && "Invalid blue color component value"), File: E:\BuildAgent2\work\8405556edd6d827c\Core\TeklaStructures\libgl\interface\gl_types.h, Line: 282
ASSERT: 11.11.2020 11:38:00 REASON: (CheckFloatingPointValue(glRed) && "Invalid red color component value"), File: E:\BuildAgent2\work\8405556edd6d827c\Core\TeklaStructures\libgl\interface\gl_types.h, Line: 280
ASSERT: 11.11.2020 11:38:00 REASON: (CheckFloatingPointValue(glGreen) && "Invalid green color component value"), File: E:\BuildAgent2\work\8405556edd6d827c\Core\TeklaStructures\libgl\interface\gl_types.h, Line: 281
ASSERT: 11.11.2020 11:38:00 REASON: (CheckFloatingPointValue(glBlue) && "Invalid blue color component value"), File: E:\BuildAgent2\work\8405556edd6d827c\Core\TeklaStructures\libgl\interface\gl_types.h, Line: 282
ASSERT: 11.11.2020 11:38:00 REASON: (CheckFloatingPointValue(glRed) && "Invalid red color component value"), File: E:\BuildAgent2\work\8405556edd6d827c\Core\TeklaStructures\libgl\interface\gl_types.h, Line: 280
ASSERT: 11.11.2020 11:38:00 REASON: (CheckFloatingPointValue(glGreen) && "Invalid green color component value"), File: E:\BuildAgent2\work\8405556edd6d827c\Core\TeklaStructures\libgl\interface\gl_types.h, Line: 281
ASSERT: 11.11.2020 11:38:00 REASON: (CheckFloatingPointValue(glBlue) && "Invalid blue color component value"), File: E:\BuildAgent2\work\8405556edd6d827c\Core\TeklaStructures\libgl\interface\gl_types.h, Line: 282
ASSERT: 11.11.2020 11:38:00 REASON: (CheckFloatingPointValue(glRed) && "Invalid red color component value"), File: E:\BuildAgent2\work\8405556edd6d827c\Core\TeklaStructures\libgl\interface\gl_types.h, Line: 280
ASSERT: 11.11.2020 11:38:00 REASON: (CheckFloatingPointValue(glGreen) && "Invalid green color component value"), File: E:\BuildAgent2\work\8405556edd6d827c\Core\TeklaStructures\libgl\interface\gl_types.h, Line: 281
ASSERT: 11.11.2020 11:38:00 REASON: (CheckFloatingPointValue(glBlue) && "Invalid blue color component value"), File: E:\BuildAgent2\work\8405556edd6d827c\Core\TeklaStructures\libgl\interface\gl_types.h, Line: 282
ASSERT: 11.11.2020 11:38:00 REASON: (CheckFloatingPointValue(glRed) && "Invalid red color component value"), File: E:\BuildAgent2\work\8405556edd6d827c\Core\TeklaStructures\libgl\interface\gl_types.h, Line: 280
ASSERT: 11.11.2020 11:38:00 REASON: (CheckFloatingPointValue(glGreen) && "Invalid green color component value"), File: E:\BuildAgent2\work\8405556edd6d827c\Core\TeklaStructures\libgl\interface\gl_types.h, Line: 281
ASSERT: 11.11.2020 11:38:00 REASON: (CheckFloatingPointValue(glBlue) && "Invalid blue color component value"), File: E:\BuildAgent2\work\8405556edd6d827c\Core\TeklaStructures\libgl\interface\gl_types.h, Line: 282
ASSERT: 11.11.2020 11:38:00 REASON: (CheckFloatingPointValue(glRed) && "Invalid red color component value"), File: E:\BuildAgent2\work\8405556edd6d827c\Core\TeklaStructures\libgl\interface\gl_types.h, Line: 280
ASSERT: 11.11.2020 11:38:00 REASON: (CheckFloatingPointValue(glGreen) && "Invalid green color component value"), File: E:\BuildAgent2\work\8405556edd6d827c\Core\TeklaStructures\libgl\interface\gl_types.h, Line: 281
ASSERT: 11.11.2020 11:38:00 REASON: (CheckFloatingPointValue(glBlue) && "Invalid blue color component value"), File: E:\BuildAgent2\work\8405556edd6d827c\Core\TeklaStructures\libgl\interface\gl_types.h, Line: 282
ASSERT: 11.11.2020 11:38:00 REASON: (CheckFloatingPointValue(glRed) && "Invalid red color component value"), File: E:\BuildAgent2\work\8405556edd6d827c\Core\TeklaStructures\libgl\interface\gl_types.h, Line: 280
ASSERT: 11.11.2020 11:38:00 REASON: (CheckFloatingPointValue(glGreen) && "Invalid green color component value"), File: E:\BuildAgent2\work\8405556edd6d827c\Core\TeklaStructures\libgl\interface\gl_types.h, Line: 281
ASSERT: 11.11.2020 11:38:00 REASON: (CheckFloatingPointValue(glBlue) && "Invalid blue color component value"), File: E:\BuildAgent2\work\8405556edd6d827c\Core\TeklaStructures\libgl\interface\gl_types.h, Line: 282
ASSERT: 11.11.2020 11:38:00 REASON: (CheckFloatingPointValue(glRed) && "Invalid red color component value"), File: E:\BuildAgent2\work\8405556edd6d827c\Core\TeklaStructures\libgl\interface\gl_types.h, Line: 280
ASSERT: 11.11.2020 11:38:00 REASON: (CheckFloatingPointValue(glGreen) && "Invalid green color component value"), File: E:\BuildAgent2\work\8405556edd6d827c\Core\TeklaStructures\libgl\interface\gl_types.h, Line: 281
ASSERT: 11.11.2020 11:38:00 REASON: (CheckFloatingPointValue(glBlue) && "Invalid blue color component value"), File: E:\BuildAgent2\work\8405556edd6d827c\Core\TeklaStructures\libgl\interface\gl_types.h, Line: 282
ASSERT: 11.11.2020 11:38:00 REASON: (CheckFloatingPointValue(glRed) && "Invalid red color component value"), File: E:\BuildAgent2\work\8405556edd6d827c\Core\TeklaStructures\libgl\interface\gl_types.h, Line: 280
ASSERT: 11.11.2020 11:38:00 REASON: (CheckFloatingPointValue(glGreen) && "Invalid green color component value"), File: E:\BuildAgent2\work\8405556edd6d827c\Core\TeklaStructures\libgl\interface\gl_types.h, Line: 281
ASSERT: 11.11.2020 11:38:00 REASON: (CheckFloatingPointValue(glBlue) && "Invalid blue color component value"), File: E:\BuildAgent2\work\8405556edd6d827c\Core\TeklaStructures\libgl\interface\gl_types.h, Line: 282
ASSERT: 11.11.2020 11:38:00 REASON: (CheckFloatingPointValue(glRed) && "Invalid red color component value"), File: E:\BuildAgent2\work\8405556edd6d827c\Core\TeklaStructures\libgl\interface\gl_types.h, Line: 280
ASSERT: 11.11.2020 11:38:00 REASON: (CheckFloatingPointValue(glGreen) && "Invalid green color component value"), File: E:\BuildAgent2\work\8405556edd6d827c\Core\TeklaStructures\libgl\interface\gl_types.h, Line: 281
ASSERT: 11.11.2020 11:38:00 REASON: (CheckFloatingPointValue(glBlue) && "Invalid blue color component value"), File: E:\BuildAgent2\work\8405556edd6d827c\Core\TeklaStructures\libgl\interface\gl_types.h, Line: 282
ASSERT: 11.11.2020 11:38:00 REASON: (CheckFloatingPointValue(glRed) && "Invalid red color component value"), File: E:\BuildAgent2\work\8405556edd6d827c\Core\TeklaStructures\libgl\interface\gl_types.h, Line: 280
ASSERT: 11.11.2020 11:38:00 REASON: (CheckFloatingPointValue(glGreen) && "Invalid green color component value"), File: E:\BuildAgent2\work\8405556edd6d827c\Core\TeklaStructures\libgl\interface\gl_types.h, Line: 281
ASSERT: 11.11.2020 11:38:00 REASON: (CheckFloatingPointValue(glBlue) && "Invalid blue color component value"), File: E:\BuildAgent2\work\8405556edd6d827c\Core\TeklaStructures\libgl\interface\gl_types.h, Line: 282
ASSERT: 11.11.2020 11:38:00 REASON: (CheckFloatingPointValue(glRed) && "Invalid red color component value"), File: E:\BuildAgent2\work\8405556edd6d827c\Core\TeklaStructures\libgl\interface\gl_types.h, Line: 280
ASSERT: 11.11.2020 11:38:00 REASON: (CheckFloatingPointValue(glGreen) && "Invalid green color component value"), File: E:\BuildAgent2\work\8405556edd6d827c\Core\TeklaStructures\libgl\interface\gl_types.h, Line: 281
ASSERT: 11.11.2020 11:38:00 REASON: (CheckFloatingPointValue(glBlue) && "Invalid blue color component value"), File: E:\BuildAgent2\work\8405556edd6d827c\Core\TeklaStructures\libgl\interface\gl_types.h, Line: 282
ASSERT: 11.11.2020 11:38:00 REASON: (CheckFloatingPointValue(glRed) && "Invalid red color component value"), File: E:\BuildAgent2\work\8405556edd6d827c\Core\TeklaStructures\libgl\interface\gl_types.h, Line: 280
ASSERT: 11.11.2020 11:38:00 REASON: (CheckFloatingPointValue(glGreen) && "Invalid green color component value"), File: E:\BuildAgent2\work\8405556edd6d827c\Core\TeklaStructures\libgl\interface\gl_types.h, Line: 281
ASSERT: 11.11.2020 11:38:00 REASON: (CheckFloatingPointValue(glBlue) && "Invalid blue color component value"), File: E:\BuildAgent2\work\8405556edd6d827c\Core\TeklaStructures\libgl\interface\gl_types.h, Line: 282
ERROR:  11.11.2020 15:32:48 Could not find UI name for plugin named Beam
ERROR:  11.11.2020 15:35:04 Could not find UI name for plugin named Beam
ERROR:  11.11.2020 15:35:05 Could not find UI name for plugin named Beam
ERROR:  11.11.2020 16:23:15 Could not find UI name for plugin named Beam
ERROR:  11.11.2020 16:23:15 Could not find UI name for plugin named Beam
ERROR:  11.11.2020 16:28:27 Could not find UI name for plugin named Beam
ERROR:  11.11.2020 16:28:27 Could not find UI name for plugin named Beam
ERROR:  11.11.2020 16:29:01 Could not find UI name for plugin named Beam
ERROR:  11.11.2020 16:29:02 Could not find UI name for plugin named Beam
ERROR:  11.11.2020 17:34:05 Could not find UI name for plugin named Column
ERROR:  11.11.2020 17:34:05 Could not find UI name for plugin named Column
ERROR:  11.11.2020 17:40:01 Could not find UI name for plugin named Beam
ERROR:  11.11.2020 18:12:28 Could not find UI name for plugin named Beam
